\BOOKMARK [1][-]{section.1}{\376\377\000S\000e\000c\000t\000i\000o\000n\000\040\000T\000i\000t\000l\000e\000.\000\040\000S\000e\000c\000t\000i\000o\000n\000\040\000S\000u\000b\000t\000i\000t\000l\000e}{}% 1
\BOOKMARK [1][-]{section.2}{\376\377\000S\000e\000c\000t\000i\000o\000n\000\040\000T\000i\000t\000l\000e\000.\000\040\000S\000e\000c\000t\000i\000o\000n\000\040\000S\000u\000b\000t\000i\000t\000l\000e}{}% 2
\BOOKMARK [2][-]{subsection.2.1}{\376\377\000O\000p\001\007\000a\000\040\000o\000k\000o\000l\000i\000n\000a}{section.2}% 3
\BOOKMARK [3][-]{subsubsection.2.1.1}{\376\377\000P\000o\000l\000i\000t\000i\001\015\000k\000i\000\040\001\015\000i\000m\000b\000e\000n\000i\000c\000i}{subsection.2.1}% 4
\BOOKMARK [3][-]{subsubsection.2.1.2}{\376\377\000E\000k\000o\000n\000o\000m\000s\000k\000i\000\040\001\015\000i\000m\000b\000e\000n\000i\000c\000i}{subsection.2.1}% 5
\BOOKMARK [3][-]{subsubsection.2.1.3}{\376\377\000S\000o\000c\000i\000j\000a\000l\000n\000i\000\040\001\015\000i\000m\000b\000e\000n\000i\000c\000i\000\040}{subsection.2.1}% 6
\BOOKMARK [3][-]{subsubsection.2.1.4}{\376\377\000T\000e\000h\000n\000o\000l\000o\001\141\000k\000i\000\040\001\015\000i\000m\000b\000e\000n\000i\000c\000i\000\040}{subsection.2.1}% 7
\BOOKMARK [2][-]{subsection.2.2}{\376\377\000P\000o\000s\000l\000o\000v\000n\000a\000\040\000o\000k\000o\000l\000i\000n\000a\000\040}{section.2}% 8
\BOOKMARK [3][-]{subsubsection.2.2.1}{\376\377\000K\000o\000n\000k\000u\000r\000e\000n\000t\000i\000\040}{subsection.2.2}% 9
\BOOKMARK [3][-]{subsubsection.2.2.2}{\376\377\000K\000u\000p\000c\000i}{subsection.2.2}% 10
\BOOKMARK [3][-]{subsubsection.2.2.3}{\376\377\000D\000o\000b\000a\000v\000l\000j\000a\001\015\000i}{subsection.2.2}% 11
\BOOKMARK [3][-]{subsubsection.2.2.4}{\376\377\000P\000a\000r\000t\000n\000e\000r\000i}{subsection.2.2}% 12
\BOOKMARK [2][-]{subsection.2.3}{\376\377\000I\000n\000t\000e\000r\000n\000a\000\040\000o\000k\000o\000l\000i\000n\000a\000\040}{section.2}% 13
\BOOKMARK [3][-]{subsubsection.2.3.1}{\376\377\000O\000r\000g\000a\000n\000i\000z\000a\000c\000i\000j\000s\000k\000a\000\040\000s\000t\000r\000u\000k\000t\000u\000r\000a\000\040}{subsection.2.3}% 14
\BOOKMARK [3][-]{subsubsection.2.3.2}{\376\377\000O\000r\000g\000a\000n\000i\000z\000a\000c\000i\000j\000s\000k\000a\000\040\000k\000u\000l\000t\000u\000r\000a\000\040}{subsection.2.3}% 15
\BOOKMARK [3][-]{subsubsection.2.3.3}{\376\377\000O\000r\000g\000a\000n\000i\000z\000a\000c\000i\000j\000s\000k\000i\000\040\000r\000e\000s\000u\000r\000s\000i\000\040}{subsection.2.3}% 16
\BOOKMARK [1][-]{section.3}{\376\377\000T\000O\000W\000S}{}% 17
\BOOKMARK [2][-]{subsection.3.1}{\376\377\000S\000n\000a\000g\000e\000\040\000-\000\040\000P\000r\000i\000l\000i\000k\000e}{section.3}% 18
\BOOKMARK [2][-]{subsection.3.2}{\376\377\000S\000n\000a\000g\000e\000\040\000-\000\040\000P\000r\000i\000j\000e\000t\000n\000j\000e}{section.3}% 19
\BOOKMARK [2][-]{subsection.3.3}{\376\377\000S\000l\000a\000b\000o\000s\000t\000i\000\040\000-\000\040\000P\000r\000i\000l\000i\000k\000e}{section.3}% 20
\BOOKMARK [2][-]{subsection.3.4}{\376\377\000S\000l\000a\000b\000o\000s\000t\000i\000\040\000-\000\040\000P\000r\000i\000j\000e\000t\000n\000j\000e}{section.3}% 21
\BOOKMARK [1][-]{section.4}{\376\377\000S\000e\000c\000t\000i\000o\000n\000\040\000T\000i\000t\000l\000e\000.\000\040\000S\000e\000c\000t\000i\000o\000n\000\040\000S\000u\000b\000t\000i\000t\000l\000e}{}% 22
\BOOKMARK [2][-]{subsection.4.1}{\376\377\000S\0002\000O\0002\000\040\000-\000\040\000M\000u\000l\000t\000i\000n\000a\000c\000i\000o\000n\000a\000l\000n\000a\000\040\000p\000l\000a\000t\000f\000o\000r\000m\000a\000\040\000k\000o\000j\000a\000\040\000o\000m\000o\000g\000u\001\007\000a\000v\000a\000\040\000j\000e\000d\000n\000o\000s\000t\000a\000v\000n\000o\000\040\000k\000o\000r\000i\001\141\000t\000e\000n\000j\000e\000\040\000s\000v\000i\000m\000\040\000i\000n\000t\000e\000r\000n\000a\000c\000i\000o\000n\000a\000l\000n\000i\000m\000\040\000k\000l\000i\000j\000e\000n\000t\000i\000m\000a}{section.4}% 23
\BOOKMARK [2][-]{subsection.4.2}{\376\377\000S\0002\000T\0002\000\040\000-\000\040\000P\000r\000o\000m\000o\000c\000i\000j\000a\000\040\000s\000v\000o\000j\000i\000h\000\040\000p\000r\000e\000d\000n\000o\000s\000t\000i\000\040\000\050\000f\000o\000k\000u\000s\000\040\000j\000e\000\040\000n\000a\000\040\000b\000r\001\176\000o\000j\000\040\000a\000n\000a\000l\000i\000z\000i\000\040\000p\000o\000d\000a\000t\000a\000k\000a\000\051}{section.4}% 24
